SF:lib\data\http\http_error.dart
DA:1,1
LF:1
LH:1
end_of_record
SF:lib\data\models\remote_account_model.dart
DA:7,1
DA:9,1
DA:10,1
DA:13,2
DA:15,3
LF:5
LH:5
end_of_record
SF:lib\domain\entities\account_entity.dart
DA:4,1
LF:1
LH:1
end_of_record
SF:lib\data\usecases\remote_authentication.dart
DA:14,1
DA:16,1
DA:17,2
DA:19,3
DA:20,1
DA:24,2
DA:25,1
DA:26,1
DA:37,1
DA:42,1
DA:43,1
DA:44,1
DA:45,1
DA:48,4
LF:14
LH:14
end_of_record
SF:lib\domain\helpers\domain_error.dart
DA:1,2
LF:1
LH:1
end_of_record
SF:lib\domain\usecases\authentication.dart
DA:13,1
LF:1
LH:1
end_of_record
